# JRE version: OpenJDK Runtime Environment Temurin-17.0.7+7 (17.0.7+7) (build 17.0.7+7)
# Java VM: OpenJDK 64-Bit Server VM Temurin-17.0.7+7 (17.0.7+7, mixed mode, sharing, tiered, compressed oops, compressed class ptrs, g1 gc, windows-amd64)
GC Precious Log:
 CPUs: 16 total, 16 available
 Memory: 7882M
 Large Page Support: Disabled
 NUMA Support: Disabled
 Compressed Oops: Enabled (Zero based)
 Heap Region Size: 2M
 Heap Min Capacity: 512M
 Heap Initial Capacity: 512M
 Heap Max Capacity: 4072M
 Pre-touch: Disabled
 Parallel Workers: 13
 Concurrent Workers: 3
 Concurrent Refinement Workers: 13
 Periodic GC: Disabled
 String Deduplication is enabled
Heap:
 garbage-first heap   total 524288K, used 158010K [0x0000000701800000, 0x0000000800000000)
  region size 2048K, 16 young (32768K), 2 survivors (4096K)
 Metaspace       used 92464K, committed 93248K, reserved 1179648K
  class space    used 13156K, committed 13568K, reserved 1048576K
GC Heap History (20 events):
Event: 1051.088 GC heap before
{Heap before GC invocations=168 (full 81):
 garbage-first heap   total 524288K, used 208518K [0x0000000701800000, 0x0000000800000000)
  region size 2048K, 40 young (81920K), 2 survivors (4096K)
 Metaspace       used 92227K, committed 92992K, reserved 1179648K
  class space    used 13156K, committed 13568K, reserved 1048576K
}
Event: 1051.095 GC heap after
{Heap after GC invocations=169 (full 81):
 garbage-first heap   total 524288K, used 131411K [0x0000000701800000, 0x0000000800000000)
  region size 2048K, 2 young (4096K), 2 survivors (4096K)
 Metaspace       used 92227K, committed 92992K, reserved 1179648K
  class space    used 13156K, committed 13568K, reserved 1048576K
}
Event: 1053.926 GC heap before
{Heap before GC invocations=169 (full 81):
 garbage-first heap   total 524288K, used 209235K [0x0000000701800000, 0x0000000800000000)
  region size 2048K, 40 young (81920K), 2 survivors (4096K)
 Metaspace       used 92283K, committed 93056K, reserved 1179648K
  class space    used 13156K, committed 13568K, reserved 1048576K
}
Event: 1053.929 GC heap after
{Heap after GC invocations=170 (full 81):
 garbage-first heap   total 524288K, used 130578K [0x0000000701800000, 0x0000000800000000)
  region size 2048K, 2 young (4096K), 2 survivors (4096K)
 Metaspace       used 92283K, committed 93056K, reserved 1179648K
  class space    used 13156K, committed 13568K, reserved 1048576K
}
Event: 1059.091 GC heap before
{Heap before GC invocations=170 (full 81):
 garbage-first heap   total 524288K, used 208402K [0x0000000701800000, 0x0000000800000000)
  region size 2048K, 40 young (81920K), 2 survivors (4096K)
 Metaspace       used 92297K, committed 93056K, reserved 1179648K
  class space    used 13156K, committed 13568K, reserved 1048576K
}
Event: 1059.096 GC heap after
{Heap after GC invocations=171 (full 81):
 garbage-first heap   total 524288K, used 130609K [0x0000000701800000, 0x0000000800000000)
  region size 2048K, 2 young (4096K), 2 survivors (4096K)
 Metaspace       used 92297K, committed 93056K, reserved 1179648K
  class space    used 13156K, committed 13568K, reserved 1048576K
}
Event: 1076.204 GC heap before
{Heap before GC invocations=171 (full 81):
 garbage-first heap   total 524288K, used 208433K [0x0000000701800000, 0x0000000800000000)
  region size 2048K, 40 young (81920K), 2 survivors (4096K)
 Metaspace       used 92360K, committed 93120K, reserved 1179648K
  class space    used 13156K, committed 13568K, reserved 1048576K
}
Event: 1076.207 GC heap after
{Heap after GC invocations=172 (full 81):
 garbage-first heap   total 524288K, used 130477K [0x0000000701800000, 0x0000000800000000)
  region size 2048K, 1 young (2048K), 1 survivors (2048K)
 Metaspace       used 92360K, committed 93120K, reserved 1179648K
  class space    used 13156K, committed 13568K, reserved 1048576K
}
Event: 1107.138 GC heap before
{Heap before GC invocations=172 (full 81):
 garbage-first heap   total 524288K, used 210349K [0x0000000701800000, 0x0000000800000000)
  region size 2048K, 40 young (81920K), 1 survivors (2048K)
 Metaspace       used 92390K, committed 93184K, reserved 1179648K
  class space    used 13156K, committed 13568K, reserved 1048576K
}
Event: 1107.140 GC heap after
{Heap after GC invocations=173 (full 81):
 garbage-first heap   total 524288K, used 130422K [0x0000000701800000, 0x0000000800000000)
  region size 2048K, 1 young (2048K), 1 survivors (2048K)
 Metaspace       used 92390K, committed 93184K, reserved 1179648K
  class space    used 13156K, committed 13568K, reserved 1048576K
}
Event: 1113.100 GC heap before
{Heap before GC invocations=173 (full 81):
 garbage-first heap   total 524288K, used 210294K [0x0000000701800000, 0x0000000800000000)
  region size 2048K, 40 young (81920K), 1 survivors (2048K)
 Metaspace       used 92403K, committed 93248K, reserved 1179648K
  class space    used 13156K, committed 13568K, reserved 1048576K
}
Event: 1113.106 GC heap after
{Heap after GC invocations=174 (full 81):
 garbage-first heap   total 524288K, used 131093K [0x0000000701800000, 0x0000000800000000)
  region size 2048K, 2 young (4096K), 2 survivors (4096K)
 Metaspace       used 92403K, committed 93248K, reserved 1179648K
  class space    used 13156K, committed 13568K, reserved 1048576K
}
Event: 1133.152 GC heap before
{Heap before GC invocations=174 (full 81):
 garbage-first heap   total 524288K, used 208917K [0x0000000701800000, 0x0000000800000000)
  region size 2048K, 40 young (81920K), 2 survivors (4096K)
 Metaspace       used 92416K, committed 93248K, reserved 1179648K
  class space    used 13156K, committed 13568K, reserved 1048576K
}
Event: 1133.156 GC heap after
{Heap after GC invocations=175 (full 81):
 garbage-first heap   total 524288K, used 131084K [0x0000000701800000, 0x0000000800000000)
  region size 2048K, 2 young (4096K), 2 survivors (4096K)
 Metaspace       used 92416K, committed 93248K, reserved 1179648K
  class space    used 13156K, committed 13568K, reserved 1048576K
}
Event: 1139.643 GC heap before
{Heap before GC invocations=175 (full 81):
 garbage-first heap   total 524288K, used 208908K [0x0000000701800000, 0x0000000800000000)
  region size 2048K, 40 young (81920K), 2 survivors (4096K)
 Metaspace       used 92421K, committed 93248K, reserved 1179648K
  class space    used 13156K, committed 13568K, reserved 1048576K
}
Event: 1139.651 GC heap after
{Heap after GC invocations=176 (full 81):
 garbage-first heap   total 524288K, used 130782K [0x0000000701800000, 0x0000000800000000)
  region size 2048K, 1 young (2048K), 1 survivors (2048K)
 Metaspace       used 92421K, committed 93248K, reserved 1179648K
  class space    used 13156K, committed 13568K, reserved 1048576K
}
Event: 1166.646 GC heap before
{Heap before GC invocations=176 (full 81):
 garbage-first heap   total 524288K, used 210654K [0x0000000701800000, 0x0000000800000000)
  region size 2048K, 40 young (81920K), 1 survivors (2048K)
 Metaspace       used 92425K, committed 93248K, reserved 1179648K
  class space    used 13156K, committed 13568K, reserved 1048576K
}
Event: 1166.651 GC heap after
{Heap after GC invocations=177 (full 81):
 garbage-first heap   total 524288K, used 130663K [0x0000000701800000, 0x0000000800000000)
  region size 2048K, 1 young (2048K), 1 survivors (2048K)
 Metaspace       used 92425K, committed 93248K, reserved 1179648K
  class space    used 13156K, committed 13568K, reserved 1048576K
}
Event: 1169.171 GC heap before
{Heap before GC invocations=177 (full 81):
 garbage-first heap   total 524288K, used 210535K [0x0000000701800000, 0x0000000800000000)
  region size 2048K, 40 young (81920K), 1 survivors (2048K)
 Metaspace       used 92445K, committed 93248K, reserved 1179648K
  class space    used 13156K, committed 13568K, reserved 1048576K
}
Event: 1169.176 GC heap after
{Heap after GC invocations=178 (full 81):
 garbage-first heap   total 524288K, used 131386K [0x0000000701800000, 0x0000000800000000)
  region size 2048K, 2 young (4096K), 2 survivors (4096K)
 Metaspace       used 92445K, committed 93248K, reserved 1179648K
  class space    used 13156K, committed 13568K, reserved 1048576K
}

