# JRE version: OpenJDK Runtime Environment Temurin-17.0.7+7 (17.0.7+7) (build 17.0.7+7)
# Java VM: OpenJDK 64-Bit Server VM Temurin-17.0.7+7 (17.0.7+7, mixed mode, sharing, tiered, compressed oops, compressed class ptrs, g1 gc, windows-amd64)
GC Precious Log:
 CPUs: 16 total, 16 available
 Memory: 7882M
 Large Page Support: Disabled
 NUMA Support: Disabled
 Compressed Oops: Enabled (Zero based)
 Heap Region Size: 2M
 Heap Min Capacity: 512M
 Heap Initial Capacity: 512M
 Heap Max Capacity: 4072M
 Pre-touch: Disabled
 Parallel Workers: 13
 Concurrent Workers: 3
 Concurrent Refinement Workers: 13
 Periodic GC: Disabled
 String Deduplication is enabled
Heap:
 garbage-first heap   total 696320K, used 89158K [0x0000000701800000, 0x0000000800000000)
  region size 2048K, 6 young (12288K), 1 survivors (2048K)
 Metaspace       used 78723K, committed 79360K, reserved 1179648K
  class space    used 10813K, committed 11136K, reserved 1048576K
GC Heap History (20 events):
Event: 1255.021 GC heap before
{Heap before GC invocations=33 (full 2):
 garbage-first heap   total 696320K, used 156030K [0x0000000701800000, 0x0000000800000000)
  region size 2048K, 40 young (81920K), 3 survivors (6144K)
 Metaspace       used 78185K, committed 78848K, reserved 1179648K
  class space    used 10810K, committed 11136K, reserved 1048576K
}
Event: 1255.026 GC heap after
{Heap after GC invocations=34 (full 2):
 garbage-first heap   total 696320K, used 80150K [0x0000000701800000, 0x0000000800000000)
  region size 2048K, 3 young (6144K), 3 survivors (6144K)
 Metaspace       used 78185K, committed 78848K, reserved 1179648K
  class space    used 10810K, committed 11136K, reserved 1048576K
}
Event: 1288.349 GC heap before
{Heap before GC invocations=34 (full 2):
 garbage-first heap   total 696320K, used 155926K [0x0000000701800000, 0x0000000800000000)
  region size 2048K, 40 young (81920K), 3 survivors (6144K)
 Metaspace       used 78300K, committed 78976K, reserved 1179648K
  class space    used 10811K, committed 11136K, reserved 1048576K
}
Event: 1288.355 GC heap after
{Heap after GC invocations=35 (full 2):
 garbage-first heap   total 696320K, used 80413K [0x0000000701800000, 0x0000000800000000)
  region size 2048K, 3 young (6144K), 3 survivors (6144K)
 Metaspace       used 78300K, committed 78976K, reserved 1179648K
  class space    used 10811K, committed 11136K, reserved 1048576K
}
Event: 1292.151 GC heap before
{Heap before GC invocations=35 (full 2):
 garbage-first heap   total 696320K, used 156189K [0x0000000701800000, 0x0000000800000000)
  region size 2048K, 40 young (81920K), 3 survivors (6144K)
 Metaspace       used 78348K, committed 78976K, reserved 1179648K
  class space    used 10812K, committed 11136K, reserved 1048576K
}
Event: 1292.155 GC heap after
{Heap after GC invocations=36 (full 2):
 garbage-first heap   total 696320K, used 80879K [0x0000000701800000, 0x0000000800000000)
  region size 2048K, 3 young (6144K), 3 survivors (6144K)
 Metaspace       used 78348K, committed 78976K, reserved 1179648K
  class space    used 10812K, committed 11136K, reserved 1048576K
}
Event: 1297.027 GC heap before
{Heap before GC invocations=36 (full 2):
 garbage-first heap   total 696320K, used 156655K [0x0000000701800000, 0x0000000800000000)
  region size 2048K, 40 young (81920K), 3 survivors (6144K)
 Metaspace       used 78411K, committed 79040K, reserved 1179648K
  class space    used 10813K, committed 11136K, reserved 1048576K
}
Event: 1297.031 GC heap after
{Heap after GC invocations=37 (full 2):
 garbage-first heap   total 696320K, used 80334K [0x0000000701800000, 0x0000000800000000)
  region size 2048K, 3 young (6144K), 3 survivors (6144K)
 Metaspace       used 78411K, committed 79040K, reserved 1179648K
  class space    used 10813K, committed 11136K, reserved 1048576K
}
Event: 1302.113 GC heap before
{Heap before GC invocations=37 (full 2):
 garbage-first heap   total 696320K, used 156110K [0x0000000701800000, 0x0000000800000000)
  region size 2048K, 40 young (81920K), 3 survivors (6144K)
 Metaspace       used 78535K, committed 79168K, reserved 1179648K
  class space    used 10813K, committed 11136K, reserved 1048576K
}
Event: 1302.117 GC heap after
{Heap after GC invocations=38 (full 2):
 garbage-first heap   total 696320K, used 80950K [0x0000000701800000, 0x0000000800000000)
  region size 2048K, 3 young (6144K), 3 survivors (6144K)
 Metaspace       used 78535K, committed 79168K, reserved 1179648K
  class space    used 10813K, committed 11136K, reserved 1048576K
}
Event: 1305.014 GC heap before
{Heap before GC invocations=38 (full 2):
 garbage-first heap   total 696320K, used 156726K [0x0000000701800000, 0x0000000800000000)
  region size 2048K, 40 young (81920K), 3 survivors (6144K)
 Metaspace       used 78592K, committed 79232K, reserved 1179648K
  class space    used 10813K, committed 11136K, reserved 1048576K
}
Event: 1305.018 GC heap after
{Heap after GC invocations=39 (full 2):
 garbage-first heap   total 696320K, used 80510K [0x0000000701800000, 0x0000000800000000)
  region size 2048K, 2 young (4096K), 2 survivors (4096K)
 Metaspace       used 78592K, committed 79232K, reserved 1179648K
  class space    used 10813K, committed 11136K, reserved 1048576K
}
Event: 1310.978 GC heap before
{Heap before GC invocations=39 (full 2):
 garbage-first heap   total 696320K, used 158334K [0x0000000701800000, 0x0000000800000000)
  region size 2048K, 40 young (81920K), 2 survivors (4096K)
 Metaspace       used 78620K, committed 79232K, reserved 1179648K
  class space    used 10813K, committed 11136K, reserved 1048576K
}
Event: 1310.981 GC heap after
{Heap after GC invocations=40 (full 2):
 garbage-first heap   total 696320K, used 80506K [0x0000000701800000, 0x0000000800000000)
  region size 2048K, 2 young (4096K), 2 survivors (4096K)
 Metaspace       used 78620K, committed 79232K, reserved 1179648K
  class space    used 10813K, committed 11136K, reserved 1048576K
}
Event: 1315.157 GC heap before
{Heap before GC invocations=40 (full 2):
 garbage-first heap   total 696320K, used 158330K [0x0000000701800000, 0x0000000800000000)
  region size 2048K, 40 young (81920K), 2 survivors (4096K)
 Metaspace       used 78649K, committed 79296K, reserved 1179648K
  class space    used 10813K, committed 11136K, reserved 1048576K
}
Event: 1315.161 GC heap after
{Heap after GC invocations=41 (full 2):
 garbage-first heap   total 696320K, used 80707K [0x0000000701800000, 0x0000000800000000)
  region size 2048K, 2 young (4096K), 2 survivors (4096K)
 Metaspace       used 78649K, committed 79296K, reserved 1179648K
  class space    used 10813K, committed 11136K, reserved 1048576K
}
Event: 1318.162 GC heap before
{Heap before GC invocations=41 (full 2):
 garbage-first heap   total 696320K, used 158531K [0x0000000701800000, 0x0000000800000000)
  region size 2048K, 40 young (81920K), 2 survivors (4096K)
 Metaspace       used 78678K, committed 79296K, reserved 1179648K
  class space    used 10813K, committed 11136K, reserved 1048576K
}
Event: 1318.166 GC heap after
{Heap after GC invocations=42 (full 2):
 garbage-first heap   total 696320K, used 80981K [0x0000000701800000, 0x0000000800000000)
  region size 2048K, 1 young (2048K), 1 survivors (2048K)
 Metaspace       used 78678K, committed 79296K, reserved 1179648K
  class space    used 10813K, committed 11136K, reserved 1048576K
}
Event: 1334.176 GC heap before
{Heap before GC invocations=42 (full 2):
 garbage-first heap   total 696320K, used 160853K [0x0000000701800000, 0x0000000800000000)
  region size 2048K, 40 young (81920K), 1 survivors (2048K)
 Metaspace       used 78721K, committed 79360K, reserved 1179648K
  class space    used 10813K, committed 11136K, reserved 1048576K
}
Event: 1334.182 GC heap after
{Heap after GC invocations=43 (full 2):
 garbage-first heap   total 696320K, used 80966K [0x0000000701800000, 0x0000000800000000)
  region size 2048K, 1 young (2048K), 1 survivors (2048K)
 Metaspace       used 78721K, committed 79360K, reserved 1179648K
  class space    used 10813K, committed 11136K, reserved 1048576K
}

