# JRE version: OpenJDK Runtime Environment Temurin-17.0.7+7 (17.0.7+7) (build 17.0.7+7)
# Java VM: OpenJDK 64-Bit Server VM Temurin-17.0.7+7 (17.0.7+7, mixed mode, sharing, tiered, compressed oops, compressed class ptrs, g1 gc, windows-amd64)
GC Precious Log:
 CPUs: 16 total, 16 available
 Memory: 7882M
 Large Page Support: Disabled
 NUMA Support: Disabled
 Compressed Oops: Enabled (Zero based)
 Heap Region Size: 2M
 Heap Min Capacity: 512M
 Heap Initial Capacity: 512M
 Heap Max Capacity: 4072M
 Pre-touch: Disabled
 Parallel Workers: 13
 Concurrent Workers: 3
 Concurrent Refinement Workers: 13
 Periodic GC: Disabled
 String Deduplication is enabled
Heap:
 garbage-first heap   total 524288K, used 153936K [0x0000000701800000, 0x0000000800000000)
  region size 2048K, 12 young (24576K), 3 survivors (6144K)
 Metaspace       used 95007K, committed 95616K, reserved 1179648K
  class space    used 13351K, committed 13760K, reserved 1048576K
GC Heap History (20 events):
Event: 23120.650 GC heap before
{Heap before GC invocations=668 (full 322):
 garbage-first heap   total 524288K, used 134604K [0x0000000701800000, 0x0000000800000000)
  region size 2048K, 2 young (4096K), 0 survivors (0K)
 Metaspace       used 93308K, committed 94336K, reserved 1179648K
  class space    used 12896K, committed 13440K, reserved 1048576K
}
Event: 23120.751 GC heap after
{Heap after GC invocations=669 (full 323):
 garbage-first heap   total 524288K, used 132440K [0x0000000701800000, 0x0000000800000000)
  region size 2048K, 0 young (0K), 0 survivors (0K)
 Metaspace       used 93308K, committed 94336K, reserved 1179648K
  class space    used 12896K, committed 13440K, reserved 1048576K
}
Event: 23127.171 GC heap before
{Heap before GC invocations=669 (full 323):
 garbage-first heap   total 524288K, used 140632K [0x0000000701800000, 0x0000000800000000)
  region size 2048K, 5 young (10240K), 0 survivors (0K)
 Metaspace       used 93308K, committed 94336K, reserved 1179648K
  class space    used 12896K, committed 13440K, reserved 1048576K
}
Event: 23127.294 GC heap after
{Heap after GC invocations=670 (full 324):
 garbage-first heap   total 524288K, used 132448K [0x0000000701800000, 0x0000000800000000)
  region size 2048K, 0 young (0K), 0 survivors (0K)
 Metaspace       used 93308K, committed 94336K, reserved 1179648K
  class space    used 12896K, committed 13440K, reserved 1048576K
}
Event: 23128.674 GC heap before
{Heap before GC invocations=670 (full 324):
 garbage-first heap   total 524288K, used 134496K [0x0000000701800000, 0x0000000800000000)
  region size 2048K, 2 young (4096K), 0 survivors (0K)
 Metaspace       used 93308K, committed 94336K, reserved 1179648K
  class space    used 12896K, committed 13440K, reserved 1048576K
}
Event: 23128.824 GC heap after
{Heap after GC invocations=671 (full 325):
 garbage-first heap   total 524288K, used 132441K [0x0000000701800000, 0x0000000800000000)
  region size 2048K, 0 young (0K), 0 survivors (0K)
 Metaspace       used 93308K, committed 94336K, reserved 1179648K
  class space    used 12896K, committed 13440K, reserved 1048576K
}
Event: 23129.570 GC heap before
{Heap before GC invocations=671 (full 325):
 garbage-first heap   total 524288K, used 134489K [0x0000000701800000, 0x0000000800000000)
  region size 2048K, 2 young (4096K), 0 survivors (0K)
 Metaspace       used 93308K, committed 94336K, reserved 1179648K
  class space    used 12896K, committed 13440K, reserved 1048576K
}
Event: 23129.688 GC heap after
{Heap after GC invocations=672 (full 326):
 garbage-first heap   total 524288K, used 132439K [0x0000000701800000, 0x0000000800000000)
  region size 2048K, 0 young (0K), 0 survivors (0K)
 Metaspace       used 93308K, committed 94336K, reserved 1179648K
  class space    used 12896K, committed 13440K, reserved 1048576K
}
Event: 23130.813 GC heap before
{Heap before GC invocations=672 (full 326):
 garbage-first heap   total 524288K, used 134487K [0x0000000701800000, 0x0000000800000000)
  region size 2048K, 2 young (4096K), 0 survivors (0K)
 Metaspace       used 93308K, committed 94336K, reserved 1179648K
  class space    used 12896K, committed 13440K, reserved 1048576K
}
Event: 23130.946 GC heap after
{Heap after GC invocations=673 (full 327):
 garbage-first heap   total 524288K, used 132441K [0x0000000701800000, 0x0000000800000000)
  region size 2048K, 0 young (0K), 0 survivors (0K)
 Metaspace       used 93308K, committed 94336K, reserved 1179648K
  class space    used 12896K, committed 13440K, reserved 1048576K
}
Event: 23134.354 GC heap before
{Heap before GC invocations=673 (full 327):
 garbage-first heap   total 524288K, used 144729K [0x0000000701800000, 0x0000000800000000)
  region size 2048K, 5 young (10240K), 0 survivors (0K)
 Metaspace       used 93308K, committed 94336K, reserved 1179648K
  class space    used 12896K, committed 13440K, reserved 1048576K
}
Event: 23134.468 GC heap after
{Heap after GC invocations=674 (full 328):
 garbage-first heap   total 524288K, used 132489K [0x0000000701800000, 0x0000000800000000)
  region size 2048K, 0 young (0K), 0 survivors (0K)
 Metaspace       used 93308K, committed 94336K, reserved 1179648K
  class space    used 12896K, committed 13440K, reserved 1048576K
}
Event: 23140.444 GC heap before
{Heap before GC invocations=674 (full 328):
 garbage-first heap   total 524288K, used 138633K [0x0000000701800000, 0x0000000800000000)
  region size 2048K, 4 young (8192K), 0 survivors (0K)
 Metaspace       used 93308K, committed 94336K, reserved 1179648K
  class space    used 12896K, committed 13440K, reserved 1048576K
}
Event: 23140.637 GC heap after
{Heap after GC invocations=675 (full 329):
 garbage-first heap   total 524288K, used 132490K [0x0000000701800000, 0x0000000800000000)
  region size 2048K, 0 young (0K), 0 survivors (0K)
 Metaspace       used 93308K, committed 94336K, reserved 1179648K
  class space    used 12896K, committed 13440K, reserved 1048576K
}
Event: 23160.895 GC heap before
{Heap before GC invocations=675 (full 329):
 garbage-first heap   total 524288K, used 214410K [0x0000000701800000, 0x0000000800000000)
  region size 2048K, 40 young (81920K), 0 survivors (0K)
 Metaspace       used 93314K, committed 94336K, reserved 1179648K
  class space    used 12897K, committed 13440K, reserved 1048576K
}
Event: 23160.900 GC heap after
{Heap after GC invocations=676 (full 329):
 garbage-first heap   total 524288K, used 133229K [0x0000000701800000, 0x0000000800000000)
  region size 2048K, 1 young (2048K), 1 survivors (2048K)
 Metaspace       used 93314K, committed 94336K, reserved 1179648K
  class space    used 12897K, committed 13440K, reserved 1048576K
}
Event: 23189.695 GC heap before
{Heap before GC invocations=676 (full 329):
 garbage-first heap   total 524288K, used 213101K [0x0000000701800000, 0x0000000800000000)
  region size 2048K, 40 young (81920K), 1 survivors (2048K)
 Metaspace       used 94161K, committed 94848K, reserved 1179648K
  class space    used 13177K, committed 13632K, reserved 1048576K
}
Event: 23189.699 GC heap after
{Heap after GC invocations=677 (full 329):
 garbage-first heap   total 524288K, used 134156K [0x0000000701800000, 0x0000000800000000)
  region size 2048K, 1 young (2048K), 1 survivors (2048K)
 Metaspace       used 94161K, committed 94848K, reserved 1179648K
  class space    used 13177K, committed 13632K, reserved 1048576K
}
Event: 23211.546 GC heap before
{Heap before GC invocations=677 (full 329):
 garbage-first heap   total 524288K, used 214028K [0x0000000701800000, 0x0000000800000000)
  region size 2048K, 40 young (81920K), 1 survivors (2048K)
 Metaspace       used 94967K, committed 95616K, reserved 1179648K
  class space    used 13346K, committed 13760K, reserved 1048576K
}
Event: 23211.566 GC heap after
{Heap after GC invocations=678 (full 329):
 garbage-first heap   total 524288K, used 137552K [0x0000000701800000, 0x0000000800000000)
  region size 2048K, 3 young (6144K), 3 survivors (6144K)
 Metaspace       used 94967K, committed 95616K, reserved 1179648K
  class space    used 13346K, committed 13760K, reserved 1048576K
}

