# JRE version: OpenJDK Runtime Environment Temurin-17.0.7+7 (17.0.7+7) (build 17.0.7+7)
# Java VM: OpenJDK 64-Bit Server VM Temurin-17.0.7+7 (17.0.7+7, mixed mode, sharing, tiered, compressed oops, compressed class ptrs, g1 gc, windows-amd64)
GC Precious Log:
 CPUs: 16 total, 16 available
 Memory: 7882M
 Large Page Support: Disabled
 NUMA Support: Disabled
 Compressed Oops: Enabled (Zero based)
 Heap Region Size: 2M
 Heap Min Capacity: 512M
 Heap Initial Capacity: 512M
 Heap Max Capacity: 4072M
 Pre-touch: Disabled
 Parallel Workers: 13
 Concurrent Workers: 3
 Concurrent Refinement Workers: 13
 Periodic GC: Disabled
 String Deduplication is enabled
Heap:
 garbage-first heap   total 524288K, used 90605K [0x0000000701800000, 0x0000000800000000)
  region size 2048K, 12 young (24576K), 2 survivors (4096K)
 Metaspace       used 83795K, committed 84544K, reserved 1179648K
  class space    used 11341K, committed 11712K, reserved 1048576K
GC Heap History (20 events):
Event: 18264.293 GC heap before
{Heap before GC invocations=219 (full 14):
 garbage-first heap   total 524288K, used 150146K [0x0000000701800000, 0x0000000800000000)
  region size 2048K, 40 young (81920K), 0 survivors (0K)
 Metaspace       used 83416K, committed 84480K, reserved 1179648K
  class space    used 11325K, committed 11712K, reserved 1048576K
}
Event: 18264.300 GC heap after
{Heap after GC invocations=220 (full 14):
 garbage-first heap   total 524288K, used 68510K [0x0000000701800000, 0x0000000800000000)
  region size 2048K, 1 young (2048K), 1 survivors (2048K)
 Metaspace       used 83416K, committed 84480K, reserved 1179648K
  class space    used 11325K, committed 11712K, reserved 1048576K
}
Event: 18318.071 GC heap before
{Heap before GC invocations=220 (full 14):
 garbage-first heap   total 524288K, used 148382K [0x0000000701800000, 0x0000000800000000)
  region size 2048K, 40 young (81920K), 1 survivors (2048K)
 Metaspace       used 83580K, committed 84480K, reserved 1179648K
  class space    used 11337K, committed 11712K, reserved 1048576K
}
Event: 18318.084 GC heap after
{Heap after GC invocations=221 (full 14):
 garbage-first heap   total 524288K, used 69113K [0x0000000701800000, 0x0000000800000000)
  region size 2048K, 1 young (2048K), 1 survivors (2048K)
 Metaspace       used 83580K, committed 84480K, reserved 1179648K
  class space    used 11337K, committed 11712K, reserved 1048576K
}
Event: 18348.049 GC heap before
{Heap before GC invocations=221 (full 14):
 garbage-first heap   total 524288K, used 148985K [0x0000000701800000, 0x0000000800000000)
  region size 2048K, 40 young (81920K), 1 survivors (2048K)
 Metaspace       used 83587K, committed 84480K, reserved 1179648K
  class space    used 11337K, committed 11712K, reserved 1048576K
}
Event: 18348.059 GC heap after
{Heap after GC invocations=222 (full 14):
 garbage-first heap   total 524288K, used 69191K [0x0000000701800000, 0x0000000800000000)
  region size 2048K, 1 young (2048K), 1 survivors (2048K)
 Metaspace       used 83587K, committed 84480K, reserved 1179648K
  class space    used 11337K, committed 11712K, reserved 1048576K
}
Event: 18367.995 GC heap before
{Heap before GC invocations=222 (full 14):
 garbage-first heap   total 524288K, used 147015K [0x0000000701800000, 0x0000000800000000)
  region size 2048K, 40 young (81920K), 1 survivors (2048K)
 Metaspace       used 83648K, committed 84544K, reserved 1179648K
  class space    used 11339K, committed 11712K, reserved 1048576K
}
Event: 18368.013 GC heap after
{Heap after GC invocations=223 (full 14):
 garbage-first heap   total 524288K, used 70126K [0x0000000701800000, 0x0000000800000000)
  region size 2048K, 1 young (2048K), 1 survivors (2048K)
 Metaspace       used 83648K, committed 84544K, reserved 1179648K
  class space    used 11339K, committed 11712K, reserved 1048576K
}
Event: 18379.430 GC heap before
{Heap before GC invocations=223 (full 14):
 garbage-first heap   total 524288K, used 149998K [0x0000000701800000, 0x0000000800000000)
  region size 2048K, 40 young (81920K), 1 survivors (2048K)
 Metaspace       used 83687K, committed 84544K, reserved 1179648K
  class space    used 11339K, committed 11712K, reserved 1048576K
}
Event: 18379.437 GC heap after
{Heap after GC invocations=224 (full 14):
 garbage-first heap   total 524288K, used 71365K [0x0000000701800000, 0x0000000800000000)
  region size 2048K, 2 young (4096K), 2 survivors (4096K)
 Metaspace       used 83687K, committed 84544K, reserved 1179648K
  class space    used 11339K, committed 11712K, reserved 1048576K
}
Event: 18384.006 GC heap before
{Heap before GC invocations=224 (full 14):
 garbage-first heap   total 524288K, used 149189K [0x0000000701800000, 0x0000000800000000)
  region size 2048K, 40 young (81920K), 2 survivors (4096K)
 Metaspace       used 83708K, committed 84544K, reserved 1179648K
  class space    used 11339K, committed 11712K, reserved 1048576K
}
Event: 18384.013 GC heap after
{Heap after GC invocations=225 (full 14):
 garbage-first heap   total 524288K, used 71234K [0x0000000701800000, 0x0000000800000000)
  region size 2048K, 2 young (4096K), 2 survivors (4096K)
 Metaspace       used 83708K, committed 84544K, reserved 1179648K
  class space    used 11339K, committed 11712K, reserved 1048576K
}
Event: 18385.762 GC heap before
{Heap before GC invocations=225 (full 14):
 garbage-first heap   total 524288K, used 149058K [0x0000000701800000, 0x0000000800000000)
  region size 2048K, 40 young (81920K), 2 survivors (4096K)
 Metaspace       used 83713K, committed 84544K, reserved 1179648K
  class space    used 11339K, committed 11712K, reserved 1048576K
}
Event: 18385.768 GC heap after
{Heap after GC invocations=226 (full 14):
 garbage-first heap   total 524288K, used 70905K [0x0000000701800000, 0x0000000800000000)
  region size 2048K, 2 young (4096K), 2 survivors (4096K)
 Metaspace       used 83713K, committed 84544K, reserved 1179648K
  class space    used 11339K, committed 11712K, reserved 1048576K
}
Event: 18389.382 GC heap before
{Heap before GC invocations=226 (full 14):
 garbage-first heap   total 524288K, used 148729K [0x0000000701800000, 0x0000000800000000)
  region size 2048K, 40 young (81920K), 2 survivors (4096K)
 Metaspace       used 83723K, committed 84544K, reserved 1179648K
  class space    used 11341K, committed 11712K, reserved 1048576K
}
Event: 18389.394 GC heap after
{Heap after GC invocations=227 (full 14):
 garbage-first heap   total 524288K, used 71565K [0x0000000701800000, 0x0000000800000000)
  region size 2048K, 2 young (4096K), 2 survivors (4096K)
 Metaspace       used 83723K, committed 84544K, reserved 1179648K
  class space    used 11341K, committed 11712K, reserved 1048576K
}
Event: 18393.696 GC heap before
{Heap before GC invocations=227 (full 14):
 garbage-first heap   total 524288K, used 149389K [0x0000000701800000, 0x0000000800000000)
  region size 2048K, 40 young (81920K), 2 survivors (4096K)
 Metaspace       used 83732K, committed 84544K, reserved 1179648K
  class space    used 11341K, committed 11712K, reserved 1048576K
}
Event: 18393.704 GC heap after
{Heap after GC invocations=228 (full 14):
 garbage-first heap   total 524288K, used 72292K [0x0000000701800000, 0x0000000800000000)
  region size 2048K, 2 young (4096K), 2 survivors (4096K)
 Metaspace       used 83732K, committed 84544K, reserved 1179648K
  class space    used 11341K, committed 11712K, reserved 1048576K
}
Event: 18402.750 GC heap before
{Heap before GC invocations=228 (full 14):
 garbage-first heap   total 524288K, used 150116K [0x0000000701800000, 0x0000000800000000)
  region size 2048K, 40 young (81920K), 2 survivors (4096K)
 Metaspace       used 83768K, committed 84544K, reserved 1179648K
  class space    used 11341K, committed 11712K, reserved 1048576K
}
Event: 18402.762 GC heap after
{Heap after GC invocations=229 (full 14):
 garbage-first heap   total 524288K, used 72173K [0x0000000701800000, 0x0000000800000000)
  region size 2048K, 2 young (4096K), 2 survivors (4096K)
 Metaspace       used 83768K, committed 84544K, reserved 1179648K
  class space    used 11341K, committed 11712K, reserved 1048576K
}

