# JRE version: OpenJDK Runtime Environment Temurin-17.0.7+7 (17.0.7+7) (build 17.0.7+7)
# Java VM: OpenJDK 64-Bit Server VM Temurin-17.0.7+7 (17.0.7+7, mixed mode, sharing, tiered, compressed oops, compressed class ptrs, g1 gc, windows-amd64)
GC Precious Log:
 CPUs: 16 total, 16 available
 Memory: 7882M
 Large Page Support: Disabled
 NUMA Support: Disabled
 Compressed Oops: Enabled (Zero based)
 Heap Region Size: 2M
 Heap Min Capacity: 512M
 Heap Initial Capacity: 512M
 Heap Max Capacity: 4072M
 Pre-touch: Disabled
 Parallel Workers: 13
 Concurrent Workers: 3
 Concurrent Refinement Workers: 13
 Periodic GC: Disabled
 String Deduplication is enabled
Heap:
 garbage-first heap   total 524288K, used 104916K [0x0000000701800000, 0x0000000800000000)
  region size 2048K, 9 young (18432K), 2 survivors (4096K)
 Metaspace       used 93593K, committed 94464K, reserved 1179648K
  class space    used 13309K, committed 13888K, reserved 1048576K
GC Heap History (20 events):
Event: 7742.941 GC heap before
{Heap before GC invocations=263 (full 54):
 garbage-first heap   total 524288K, used 170244K [0x0000000701800000, 0x0000000800000000)
  region size 2048K, 40 young (81920K), 2 survivors (4096K)
 Metaspace       used 93586K, committed 94464K, reserved 1179648K
  class space    used 13309K, committed 13888K, reserved 1048576K
}
Event: 7742.954 GC heap after
{Heap after GC invocations=264 (full 54):
 garbage-first heap   total 524288K, used 92441K [0x0000000701800000, 0x0000000800000000)
  region size 2048K, 2 young (4096K), 2 survivors (4096K)
 Metaspace       used 93586K, committed 94464K, reserved 1179648K
  class space    used 13309K, committed 13888K, reserved 1048576K
}
Event: 7762.768 GC heap before
{Heap before GC invocations=264 (full 54):
 garbage-first heap   total 524288K, used 170265K [0x0000000701800000, 0x0000000800000000)
  region size 2048K, 40 young (81920K), 2 survivors (4096K)
 Metaspace       used 93586K, committed 94464K, reserved 1179648K
  class space    used 13309K, committed 13888K, reserved 1048576K
}
Event: 7762.780 GC heap after
{Heap after GC invocations=265 (full 54):
 garbage-first heap   total 524288K, used 92186K [0x0000000701800000, 0x0000000800000000)
  region size 2048K, 2 young (4096K), 2 survivors (4096K)
 Metaspace       used 93586K, committed 94464K, reserved 1179648K
  class space    used 13309K, committed 13888K, reserved 1048576K
}
Event: 7791.680 GC heap before
{Heap before GC invocations=265 (full 54):
 garbage-first heap   total 524288K, used 170010K [0x0000000701800000, 0x0000000800000000)
  region size 2048K, 40 young (81920K), 2 survivors (4096K)
 Metaspace       used 93586K, committed 94464K, reserved 1179648K
  class space    used 13309K, committed 13888K, reserved 1048576K
}
Event: 7791.689 GC heap after
{Heap after GC invocations=266 (full 54):
 garbage-first heap   total 524288K, used 92240K [0x0000000701800000, 0x0000000800000000)
  region size 2048K, 2 young (4096K), 2 survivors (4096K)
 Metaspace       used 93586K, committed 94464K, reserved 1179648K
  class space    used 13309K, committed 13888K, reserved 1048576K
}
Event: 7808.261 GC heap before
{Heap before GC invocations=266 (full 54):
 garbage-first heap   total 524288K, used 170064K [0x0000000701800000, 0x0000000800000000)
  region size 2048K, 40 young (81920K), 2 survivors (4096K)
 Metaspace       used 93589K, committed 94464K, reserved 1179648K
  class space    used 13309K, committed 13888K, reserved 1048576K
}
Event: 7808.271 GC heap after
{Heap after GC invocations=267 (full 54):
 garbage-first heap   total 524288K, used 92281K [0x0000000701800000, 0x0000000800000000)
  region size 2048K, 2 young (4096K), 2 survivors (4096K)
 Metaspace       used 93589K, committed 94464K, reserved 1179648K
  class space    used 13309K, committed 13888K, reserved 1048576K
}
Event: 7832.546 GC heap before
{Heap before GC invocations=267 (full 54):
 garbage-first heap   total 524288K, used 170105K [0x0000000701800000, 0x0000000800000000)
  region size 2048K, 40 young (81920K), 2 survivors (4096K)
 Metaspace       used 93589K, committed 94464K, reserved 1179648K
  class space    used 13309K, committed 13888K, reserved 1048576K
}
Event: 7832.556 GC heap after
{Heap after GC invocations=268 (full 54):
 garbage-first heap   total 524288K, used 92250K [0x0000000701800000, 0x0000000800000000)
  region size 2048K, 2 young (4096K), 2 survivors (4096K)
 Metaspace       used 93589K, committed 94464K, reserved 1179648K
  class space    used 13309K, committed 13888K, reserved 1048576K
}
Event: 7842.721 GC heap before
{Heap before GC invocations=268 (full 54):
 garbage-first heap   total 524288K, used 170074K [0x0000000701800000, 0x0000000800000000)
  region size 2048K, 40 young (81920K), 2 survivors (4096K)
 Metaspace       used 93590K, committed 94464K, reserved 1179648K
  class space    used 13309K, committed 13888K, reserved 1048576K
}
Event: 7842.729 GC heap after
{Heap after GC invocations=269 (full 54):
 garbage-first heap   total 524288K, used 92227K [0x0000000701800000, 0x0000000800000000)
  region size 2048K, 2 young (4096K), 2 survivors (4096K)
 Metaspace       used 93590K, committed 94464K, reserved 1179648K
  class space    used 13309K, committed 13888K, reserved 1048576K
}
Event: 7847.906 GC heap before
{Heap before GC invocations=269 (full 54):
 garbage-first heap   total 524288K, used 170051K [0x0000000701800000, 0x0000000800000000)
  region size 2048K, 40 young (81920K), 2 survivors (4096K)
 Metaspace       used 93591K, committed 94464K, reserved 1179648K
  class space    used 13309K, committed 13888K, reserved 1048576K
}
Event: 7847.913 GC heap after
{Heap after GC invocations=270 (full 54):
 garbage-first heap   total 524288K, used 92388K [0x0000000701800000, 0x0000000800000000)
  region size 2048K, 2 young (4096K), 2 survivors (4096K)
 Metaspace       used 93591K, committed 94464K, reserved 1179648K
  class space    used 13309K, committed 13888K, reserved 1048576K
}
Event: 7853.244 GC heap before
{Heap before GC invocations=270 (full 54):
 garbage-first heap   total 524288K, used 170212K [0x0000000701800000, 0x0000000800000000)
  region size 2048K, 40 young (81920K), 2 survivors (4096K)
 Metaspace       used 93591K, committed 94464K, reserved 1179648K
  class space    used 13309K, committed 13888K, reserved 1048576K
}
Event: 7853.255 GC heap after
{Heap after GC invocations=271 (full 54):
 garbage-first heap   total 524288K, used 92497K [0x0000000701800000, 0x0000000800000000)
  region size 2048K, 2 young (4096K), 2 survivors (4096K)
 Metaspace       used 93591K, committed 94464K, reserved 1179648K
  class space    used 13309K, committed 13888K, reserved 1048576K
}
Event: 7864.801 GC heap before
{Heap before GC invocations=271 (full 54):
 garbage-first heap   total 524288K, used 170321K [0x0000000701800000, 0x0000000800000000)
  region size 2048K, 40 young (81920K), 2 survivors (4096K)
 Metaspace       used 93591K, committed 94464K, reserved 1179648K
  class space    used 13309K, committed 13888K, reserved 1048576K
}
Event: 7864.819 GC heap after
{Heap after GC invocations=272 (full 54):
 garbage-first heap   total 524288K, used 92595K [0x0000000701800000, 0x0000000800000000)
  region size 2048K, 2 young (4096K), 2 survivors (4096K)
 Metaspace       used 93591K, committed 94464K, reserved 1179648K
  class space    used 13309K, committed 13888K, reserved 1048576K
}
Event: 7871.592 GC heap before
{Heap before GC invocations=272 (full 54):
 garbage-first heap   total 524288K, used 170419K [0x0000000701800000, 0x0000000800000000)
  region size 2048K, 40 young (81920K), 2 survivors (4096K)
 Metaspace       used 93593K, committed 94464K, reserved 1179648K
  class space    used 13309K, committed 13888K, reserved 1048576K
}
Event: 7871.598 GC heap after
{Heap after GC invocations=273 (full 54):
 garbage-first heap   total 524288K, used 92628K [0x0000000701800000, 0x0000000800000000)
  region size 2048K, 2 young (4096K), 2 survivors (4096K)
 Metaspace       used 93593K, committed 94464K, reserved 1179648K
  class space    used 13309K, committed 13888K, reserved 1048576K
}

