# JRE version: OpenJDK Runtime Environment Temurin-17.0.7+7 (17.0.7+7) (build 17.0.7+7)
# Java VM: OpenJDK 64-Bit Server VM Temurin-17.0.7+7 (17.0.7+7, mixed mode, sharing, tiered, compressed oops, compressed class ptrs, g1 gc, windows-amd64)
GC Precious Log:
 CPUs: 16 total, 16 available
 Memory: 7882M
 Large Page Support: Disabled
 NUMA Support: Disabled
 Compressed Oops: Enabled (Zero based)
 Heap Region Size: 2M
 Heap Min Capacity: 512M
 Heap Initial Capacity: 512M
 Heap Max Capacity: 4072M
 Pre-touch: Disabled
 Parallel Workers: 13
 Concurrent Workers: 3
 Concurrent Refinement Workers: 13
 Periodic GC: Disabled
 String Deduplication is enabled
Heap:
 garbage-first heap   total 917504K, used 154107K [0x0000000701800000, 0x0000000800000000)
  region size 2048K, 25 young (51200K), 2 survivors (4096K)
 Metaspace       used 97301K, committed 97856K, reserved 1179648K
  class space    used 13903K, committed 14144K, reserved 1048576K
GC Heap History (20 events):
Event: 159825.080 GC heap before
{Heap before GC invocations=800 (full 241):
 garbage-first heap   total 917504K, used 186146K [0x0000000701800000, 0x0000000800000000)
  region size 2048K, 40 young (81920K), 1 survivors (2048K)
 Metaspace       used 97190K, committed 97728K, reserved 1179648K
  class space    used 13895K, committed 14144K, reserved 1048576K
}
Event: 159825.083 GC heap after
{Heap after GC invocations=801 (full 241):
 garbage-first heap   total 917504K, used 106273K [0x0000000701800000, 0x0000000800000000)
  region size 2048K, 1 young (2048K), 1 survivors (2048K)
 Metaspace       used 97190K, committed 97728K, reserved 1179648K
  class space    used 13895K, committed 14144K, reserved 1048576K
}
Event: 159825.285 GC heap before
{Heap before GC invocations=801 (full 241):
 garbage-first heap   total 917504K, used 186145K [0x0000000701800000, 0x0000000800000000)
  region size 2048K, 40 young (81920K), 1 survivors (2048K)
 Metaspace       used 97190K, committed 97728K, reserved 1179648K
  class space    used 13895K, committed 14144K, reserved 1048576K
}
Event: 159825.287 GC heap after
{Heap after GC invocations=802 (full 241):
 garbage-first heap   total 917504K, used 106281K [0x0000000701800000, 0x0000000800000000)
  region size 2048K, 1 young (2048K), 1 survivors (2048K)
 Metaspace       used 97190K, committed 97728K, reserved 1179648K
  class space    used 13895K, committed 14144K, reserved 1048576K
}
Event: 159825.490 GC heap before
{Heap before GC invocations=802 (full 241):
 garbage-first heap   total 917504K, used 186153K [0x0000000701800000, 0x0000000800000000)
  region size 2048K, 40 young (81920K), 1 survivors (2048K)
 Metaspace       used 97190K, committed 97728K, reserved 1179648K
  class space    used 13895K, committed 14144K, reserved 1048576K
}
Event: 159825.492 GC heap after
{Heap after GC invocations=803 (full 241):
 garbage-first heap   total 917504K, used 106285K [0x0000000701800000, 0x0000000800000000)
  region size 2048K, 1 young (2048K), 1 survivors (2048K)
 Metaspace       used 97190K, committed 97728K, reserved 1179648K
  class space    used 13895K, committed 14144K, reserved 1048576K
}
Event: 159825.678 GC heap before
{Heap before GC invocations=803 (full 241):
 garbage-first heap   total 917504K, used 186157K [0x0000000701800000, 0x0000000800000000)
  region size 2048K, 40 young (81920K), 1 survivors (2048K)
 Metaspace       used 97190K, committed 97728K, reserved 1179648K
  class space    used 13895K, committed 14144K, reserved 1048576K
}
Event: 159825.680 GC heap after
{Heap after GC invocations=804 (full 241):
 garbage-first heap   total 917504K, used 106292K [0x0000000701800000, 0x0000000800000000)
  region size 2048K, 1 young (2048K), 1 survivors (2048K)
 Metaspace       used 97190K, committed 97728K, reserved 1179648K
  class space    used 13895K, committed 14144K, reserved 1048576K
}
Event: 159825.884 GC heap before
{Heap before GC invocations=804 (full 241):
 garbage-first heap   total 917504K, used 186164K [0x0000000701800000, 0x0000000800000000)
  region size 2048K, 40 young (81920K), 1 survivors (2048K)
 Metaspace       used 97190K, committed 97728K, reserved 1179648K
  class space    used 13895K, committed 14144K, reserved 1048576K
}
Event: 159825.885 GC heap after
{Heap after GC invocations=805 (full 241):
 garbage-first heap   total 917504K, used 106305K [0x0000000701800000, 0x0000000800000000)
  region size 2048K, 1 young (2048K), 1 survivors (2048K)
 Metaspace       used 97190K, committed 97728K, reserved 1179648K
  class space    used 13895K, committed 14144K, reserved 1048576K
}
Event: 159828.808 GC heap before
{Heap before GC invocations=805 (full 241):
 garbage-first heap   total 917504K, used 186177K [0x0000000701800000, 0x0000000800000000)
  region size 2048K, 40 young (81920K), 1 survivors (2048K)
 Metaspace       used 97194K, committed 97728K, reserved 1179648K
  class space    used 13895K, committed 14144K, reserved 1048576K
}
Event: 159828.823 GC heap after
{Heap after GC invocations=806 (full 241):
 garbage-first heap   total 917504K, used 107094K [0x0000000701800000, 0x0000000800000000)
  region size 2048K, 1 young (2048K), 1 survivors (2048K)
 Metaspace       used 97194K, committed 97728K, reserved 1179648K
  class space    used 13895K, committed 14144K, reserved 1048576K
}
Event: 159853.508 GC heap before
{Heap before GC invocations=806 (full 241):
 garbage-first heap   total 917504K, used 184918K [0x0000000701800000, 0x0000000800000000)
  region size 2048K, 40 young (81920K), 1 survivors (2048K)
 Metaspace       used 97196K, committed 97728K, reserved 1179648K
  class space    used 13895K, committed 14144K, reserved 1048576K
}
Event: 159853.525 GC heap after
{Heap after GC invocations=807 (full 241):
 garbage-first heap   total 917504K, used 107534K [0x0000000701800000, 0x0000000800000000)
  region size 2048K, 1 young (2048K), 1 survivors (2048K)
 Metaspace       used 97196K, committed 97728K, reserved 1179648K
  class space    used 13895K, committed 14144K, reserved 1048576K
}
Event: 159908.087 GC heap before
{Heap before GC invocations=807 (full 241):
 garbage-first heap   total 917504K, used 187406K [0x0000000701800000, 0x0000000800000000)
  region size 2048K, 40 young (81920K), 1 survivors (2048K)
 Metaspace       used 97276K, committed 97728K, reserved 1179648K
  class space    used 13903K, committed 14144K, reserved 1048576K
}
Event: 159908.096 GC heap after
{Heap after GC invocations=808 (full 241):
 garbage-first heap   total 917504K, used 107821K [0x0000000701800000, 0x0000000800000000)
  region size 2048K, 1 young (2048K), 1 survivors (2048K)
 Metaspace       used 97276K, committed 97728K, reserved 1179648K
  class space    used 13903K, committed 14144K, reserved 1048576K
}
Event: 159939.900 GC heap before
{Heap before GC invocations=808 (full 241):
 garbage-first heap   total 917504K, used 185645K [0x0000000701800000, 0x0000000800000000)
  region size 2048K, 40 young (81920K), 1 survivors (2048K)
 Metaspace       used 97296K, committed 97792K, reserved 1179648K
  class space    used 13903K, committed 14144K, reserved 1048576K
}
Event: 159939.906 GC heap after
{Heap after GC invocations=809 (full 241):
 garbage-first heap   total 917504K, used 108889K [0x0000000701800000, 0x0000000800000000)
  region size 2048K, 2 young (4096K), 2 survivors (4096K)
 Metaspace       used 97296K, committed 97792K, reserved 1179648K
  class space    used 13903K, committed 14144K, reserved 1048576K
}
Event: 159943.813 GC heap before
{Heap before GC invocations=809 (full 241):
 garbage-first heap   total 917504K, used 184665K [0x0000000701800000, 0x0000000800000000)
  region size 2048K, 40 young (81920K), 2 survivors (4096K)
 Metaspace       used 97298K, committed 97856K, reserved 1179648K
  class space    used 13903K, committed 14144K, reserved 1048576K
}
Event: 159943.832 GC heap after
{Heap after GC invocations=810 (full 241):
 garbage-first heap   total 917504K, used 109051K [0x0000000701800000, 0x0000000800000000)
  region size 2048K, 2 young (4096K), 2 survivors (4096K)
 Metaspace       used 97298K, committed 97856K, reserved 1179648K
  class space    used 13903K, committed 14144K, reserved 1048576K
}

