# JRE version: OpenJDK Runtime Environment Temurin-17.0.7+7 (17.0.7+7) (build 17.0.7+7)
# Java VM: OpenJDK 64-Bit Server VM Temurin-17.0.7+7 (17.0.7+7, mixed mode, sharing, tiered, compressed oops, compressed class ptrs, g1 gc, windows-amd64)
GC Precious Log:
 CPUs: 16 total, 16 available
 Memory: 7882M
 Large Page Support: Disabled
 NUMA Support: Disabled
 Compressed Oops: Enabled (Zero based)
 Heap Region Size: 2M
 Heap Min Capacity: 512M
 Heap Initial Capacity: 512M
 Heap Max Capacity: 4072M
 Pre-touch: Disabled
 Parallel Workers: 13
 Concurrent Workers: 3
 Concurrent Refinement Workers: 13
 Periodic GC: Disabled
 String Deduplication is enabled
Heap:
 garbage-first heap   total 524288K, used 180626K [0x00000004d6400000, 0x00000005d4c00000)
  region size 2048K, 27 young (55296K), 1 survivors (2048K)
 Metaspace       used 95402K, committed 96128K, reserved 1179648K
  class space    used 13338K, committed 13824K, reserved 1048576K
GC Heap History (20 events):
Event: 432957.140 GC heap before
{Heap before GC invocations=1304 (full 325):
 garbage-first heap   total 524288K, used 208155K [0x00000004d6400000, 0x00000005d4c00000)
  region size 2048K, 40 young (81920K), 1 survivors (2048K)
 Metaspace       used 95374K, committed 96128K, reserved 1179648K
  class space    used 13338K, committed 13824K, reserved 1048576K
}
Event: 432957.164 GC heap after
{Heap after GC invocations=1305 (full 325):
 garbage-first heap   total 524288K, used 128429K [0x00000004d6400000, 0x00000005d4c00000)
  region size 2048K, 1 young (2048K), 1 survivors (2048K)
 Metaspace       used 95374K, committed 96128K, reserved 1179648K
  class space    used 13338K, committed 13824K, reserved 1048576K
}
Event: 432986.310 GC heap before
{Heap before GC invocations=1305 (full 325):
 garbage-first heap   total 524288K, used 208301K [0x00000004d6400000, 0x00000005d4c00000)
  region size 2048K, 40 young (81920K), 1 survivors (2048K)
 Metaspace       used 95375K, committed 96128K, reserved 1179648K
  class space    used 13338K, committed 13824K, reserved 1048576K
}
Event: 432986.324 GC heap after
{Heap after GC invocations=1306 (full 325):
 garbage-first heap   total 524288K, used 128690K [0x00000004d6400000, 0x00000005d4c00000)
  region size 2048K, 1 young (2048K), 1 survivors (2048K)
 Metaspace       used 95375K, committed 96128K, reserved 1179648K
  class space    used 13338K, committed 13824K, reserved 1048576K
}
Event: 432989.594 GC heap before
{Heap before GC invocations=1306 (full 325):
 garbage-first heap   total 524288K, used 208562K [0x00000004d6400000, 0x00000005d4c00000)
  region size 2048K, 40 young (81920K), 1 survivors (2048K)
 Metaspace       used 95378K, committed 96128K, reserved 1179648K
  class space    used 13338K, committed 13824K, reserved 1048576K
}
Event: 432989.618 GC heap after
{Heap after GC invocations=1307 (full 325):
 garbage-first heap   total 524288K, used 129478K [0x00000004d6400000, 0x00000005d4c00000)
  region size 2048K, 1 young (2048K), 1 survivors (2048K)
 Metaspace       used 95378K, committed 96128K, reserved 1179648K
  class space    used 13338K, committed 13824K, reserved 1048576K
}
Event: 432998.225 GC heap before
{Heap before GC invocations=1307 (full 325):
 garbage-first heap   total 524288K, used 209350K [0x00000004d6400000, 0x00000005d4c00000)
  region size 2048K, 40 young (81920K), 1 survivors (2048K)
 Metaspace       used 95378K, committed 96128K, reserved 1179648K
  class space    used 13338K, committed 13824K, reserved 1048576K
}
Event: 432998.230 GC heap after
{Heap after GC invocations=1308 (full 325):
 garbage-first heap   total 524288K, used 129105K [0x00000004d6400000, 0x00000005d4c00000)
  region size 2048K, 1 young (2048K), 1 survivors (2048K)
 Metaspace       used 95378K, committed 96128K, reserved 1179648K
  class space    used 13338K, committed 13824K, reserved 1048576K
}
Event: 432998.402 GC heap before
{Heap before GC invocations=1308 (full 325):
 garbage-first heap   total 524288K, used 208977K [0x00000004d6400000, 0x00000005d4c00000)
  region size 2048K, 40 young (81920K), 1 survivors (2048K)
 Metaspace       used 95378K, committed 96128K, reserved 1179648K
  class space    used 13338K, committed 13824K, reserved 1048576K
}
Event: 432998.409 GC heap after
{Heap after GC invocations=1309 (full 325):
 garbage-first heap   total 524288K, used 128965K [0x00000004d6400000, 0x00000005d4c00000)
  region size 2048K, 1 young (2048K), 1 survivors (2048K)
 Metaspace       used 95378K, committed 96128K, reserved 1179648K
  class space    used 13338K, committed 13824K, reserved 1048576K
}
Event: 432998.614 GC heap before
{Heap before GC invocations=1309 (full 325):
 garbage-first heap   total 524288K, used 208837K [0x00000004d6400000, 0x00000005d4c00000)
  region size 2048K, 40 young (81920K), 1 survivors (2048K)
 Metaspace       used 95379K, committed 96128K, reserved 1179648K
  class space    used 13338K, committed 13824K, reserved 1048576K
}
Event: 432998.619 GC heap after
{Heap after GC invocations=1310 (full 325):
 garbage-first heap   total 524288K, used 129481K [0x00000004d6400000, 0x00000005d4c00000)
  region size 2048K, 1 young (2048K), 1 survivors (2048K)
 Metaspace       used 95379K, committed 96128K, reserved 1179648K
  class space    used 13338K, committed 13824K, reserved 1048576K
}
Event: 433002.311 GC heap before
{Heap before GC invocations=1310 (full 325):
 garbage-first heap   total 524288K, used 209353K [0x00000004d6400000, 0x00000005d4c00000)
  region size 2048K, 40 young (81920K), 1 survivors (2048K)
 Metaspace       used 95379K, committed 96128K, reserved 1179648K
  class space    used 13338K, committed 13824K, reserved 1048576K
}
Event: 433002.322 GC heap after
{Heap after GC invocations=1311 (full 325):
 garbage-first heap   total 524288K, used 129121K [0x00000004d6400000, 0x00000005d4c00000)
  region size 2048K, 1 young (2048K), 1 survivors (2048K)
 Metaspace       used 95379K, committed 96128K, reserved 1179648K
  class space    used 13338K, committed 13824K, reserved 1048576K
}
Event: 433045.788 GC heap before
{Heap before GC invocations=1311 (full 325):
 garbage-first heap   total 524288K, used 206945K [0x00000004d6400000, 0x00000005d4c00000)
  region size 2048K, 40 young (81920K), 1 survivors (2048K)
 Metaspace       used 95383K, committed 96128K, reserved 1179648K
  class space    used 13338K, committed 13824K, reserved 1048576K
}
Event: 433045.802 GC heap after
{Heap after GC invocations=1312 (full 325):
 garbage-first heap   total 524288K, used 129203K [0x00000004d6400000, 0x00000005d4c00000)
  region size 2048K, 1 young (2048K), 1 survivors (2048K)
 Metaspace       used 95383K, committed 96128K, reserved 1179648K
  class space    used 13338K, committed 13824K, reserved 1048576K
}
Event: 433049.671 GC heap before
{Heap before GC invocations=1312 (full 325):
 garbage-first heap   total 524288K, used 209075K [0x00000004d6400000, 0x00000005d4c00000)
  region size 2048K, 40 young (81920K), 1 survivors (2048K)
 Metaspace       used 95383K, committed 96128K, reserved 1179648K
  class space    used 13338K, committed 13824K, reserved 1048576K
}
Event: 433049.684 GC heap after
{Heap after GC invocations=1313 (full 325):
 garbage-first heap   total 524288K, used 129259K [0x00000004d6400000, 0x00000005d4c00000)
  region size 2048K, 1 young (2048K), 1 survivors (2048K)
 Metaspace       used 95383K, committed 96128K, reserved 1179648K
  class space    used 13338K, committed 13824K, reserved 1048576K
}
Event: 433062.633 GC heap before
{Heap before GC invocations=1313 (full 325):
 garbage-first heap   total 524288K, used 209131K [0x00000004d6400000, 0x00000005d4c00000)
  region size 2048K, 40 young (81920K), 1 survivors (2048K)
 Metaspace       used 95387K, committed 96128K, reserved 1179648K
  class space    used 13338K, committed 13824K, reserved 1048576K
}
Event: 433062.656 GC heap after
{Heap after GC invocations=1314 (full 325):
 garbage-first heap   total 524288K, used 129426K [0x00000004d6400000, 0x00000005d4c00000)
  region size 2048K, 1 young (2048K), 1 survivors (2048K)
 Metaspace       used 95387K, committed 96128K, reserved 1179648K
  class space    used 13338K, committed 13824K, reserved 1048576K
}

